<?xml version="1.0" encoding="UTF-8"?><testrun name="TestRunner" project="test" tests="3" started="3" failures="2" errors="0" ignored="0">
  <testsuite name="steps.TestRunner" time="5.161">
    <testsuite name="Feature: Heroku Search Feature" time="5.161">
      <testsuite name="Scenario: Verify Time Machine Calendar" time="5.161" incomplete="true">
        <failure>java.lang.AssertionError: Color doesn't match expected [Blue] but found [rgba(51, 51, 51, 1)]
	at org.testng.Assert.fail(Assert.java:93)
	at org.testng.Assert.failNotEquals(Assert.java:512)
	at org.testng.Assert.assertEqualsImpl(Assert.java:134)
	at org.testng.Assert.assertEquals(Assert.java:115)
	at org.testng.Assert.assertEquals(Assert.java:189)
	at com.darksky.DarkSkyElements.getText(DarkSkyElements.java:22)
	at steps.DarkSkySD.iVerifyDateIsSelectedToTodaysDate(DarkSkySD.java:29)
	at ✽.Then I verify date is selected to todays date(darksky.feature:11)

</failure>
        <testcase name="Given User is on the DarkSky page" classname="Scenario: Verify Time Machine Calendar" time="5.099"/>
        <testcase name="When I click on Time Machine" classname="Scenario: Verify Time Machine Calendar" time="0.036"/>
        <testcase name="Then I verify date is selected to todays date" classname="Scenario: Verify Time Machine Calendar" time="0.025">
          <failure>java.lang.AssertionError: Color doesn't match expected [Blue] but found [rgba(51, 51, 51, 1)]
	at org.testng.Assert.fail(Assert.java:93)
	at org.testng.Assert.failNotEquals(Assert.java:512)
	at org.testng.Assert.assertEqualsImpl(Assert.java:134)
	at org.testng.Assert.assertEquals(Assert.java:115)
	at org.testng.Assert.assertEquals(Assert.java:189)
	at com.darksky.DarkSkyElements.getText(DarkSkyElements.java:22)
	at steps.DarkSkySD.iVerifyDateIsSelectedToTodaysDate(DarkSkySD.java:29)
	at ✽.Then I verify date is selected to todays date(darksky.feature:11)

</failure>
        </testcase>
      </testsuite>
    </testsuite>
  </testsuite>
</testrun>
